C51 COMPILER V9.02   MAIN                                                                  08/06/2017 17:59:31 PAGE 1   


C51 COMPILER V9.02, COMPILATION OF MODULE MAIN
OBJECT MODULE PLACED IN main.OBJ
COMPILER INVOKED BY: D:\Keil\C51\BIN\C51.EXE main.c BROWSE DEBUG OBJECTEXTEND

line level    source

   1          #include <reg52.h>
   2          #include <intrins.h>
   3          #include"NRF24L01.H"
   4          
   5          uchar const TX_ADDRESS_0[5] = {0xe7,0xe7,0xe7,0xe7,0xe7};
   6          uchar const TX_ADDRESS_1[5] = {0xc2,0xc2,0xc2,0xc2,0xc2};
   7          uchar const TX_ADDRESS_2[5] = {0xc3,0xc2,0xc2,0xc2,0xc2};
   8          uchar const TX_ADDRESS_3[5] = {0xc4,0xc2,0xc2,0xc2,0xc2};
   9          uchar const TX_ADDRESS_4[5] = {0xc5,0xc2,0xc2,0xc2,0xc2};
  10          uchar const TX_ADDRESS_5[5] = {0xc6,0xc2,0xc2,0xc2,0xc2};
  11          
  12          uchar rx_buf[TX_PLOAD_WIDTH];
  13          uchar tx_buf[RX_PLOAD_WIDTH] = {31,1,2,3,4,5,6,7,8,9,10,11,12,13,14,15,16,17,18,19,20,21,22,23,24,25,26,27
             -,28,29,30,31};
  14          
  15          
  16          
  17          void ConfigUART(unsigned int baud)
  18          {
  19   1              SCON = 0x50;
  20   1              TMOD &= 0X0F;
  21   1              TMOD |= 0x20;
  22   1              TH1 = 256 - (11059200/12/32)/baud;
  23   1              TL1 = TH1;
  24   1              ET1 = 0;
  25   1              TR1 = 1;        
  26   1      }
  27          void main()
  28          {   
  29   1              //unsigned char i;
  30   1              //unsigned char j = 1;
  31   1              //unsigned char x[4];
  32   1              ConfigUART(9600);
  33   1              RecInit_NRF24L01();
  34   1          NRF24L01_Rx_Channel(0x01);
  35   1          NRF24L01_Rx_ADDR(TX_ADDRESS_0,0,5);
  36   1          SetRx_Mode();//该步骤开启接收（有CE = 1）           
  37   1              EA = 1;
  38   1              EX0 = 1;
  39   1              IT0 = 0;
  40   1              while(1);
  41   1              
  42   1                  //unsigned char i;    
  43   1                  //while(!RI);
  44   1                  //IE0 = 1;
  45   1                  //RI = 0;   
  46   1                      //x++;
  47   1                      //if(x == 0x0f)x = 0x01;
  48   1                      /*if(IRQ == 0)
  49   1                      {
  50   1                  NRF24L01_RxPacket(rx_buf);
  51   1                                 
  52   1                          for(i = 1;i < 32;i++)
  53   1                      {
  54   1                         SBUF = rx_buf[i];
C51 COMPILER V9.02   MAIN                                                                  08/06/2017 17:59:31 PAGE 2   

  55   1                             while(!TI);
  56   1                             TI = 0;
  57   1                      }
  58   1                              //SPI_write(WRITE_REG + STATUS, 0xff);
  59   1                              //SPI_write(FLUSH_RX, 0xff);
  60   1                          CE = 1;     
  61   1                      }*/
  62   1              
  63   1                
  64   1                 
  65   1      }
  66          void Int0() interrupt 0
  67          {
  68   1          unsigned char i;
  69   1          NRF24L01_RxPacket(rx_buf);
  70   1              for(i = 0;i < 32;i++)
  71   1              {
  72   2                  SBUF = rx_buf[i];
  73   2                      while(!TI);
  74   2                      TI = 0;
  75   2              }       
  76   1              IE0 = 0;
  77   1              CE = 1;
  78   1      } 


MODULE INFORMATION:   STATIC OVERLAYABLE
   CODE SIZE        =    165    ----
   CONSTANT SIZE    =   ----    ----
   XDATA SIZE       =   ----    ----
   PDATA SIZE       =   ----    ----
   DATA SIZE        =     94    ----
   IDATA SIZE       =   ----    ----
   BIT SIZE         =   ----    ----
END OF MODULE INFORMATION.


C51 COMPILATION COMPLETE.  0 WARNING(S),  0 ERROR(S)
